# JRE version: OpenJDK Runtime Environment (8.0_372-b07) (build 1.8.0_372-b07)
# Java VM: OpenJDK 64-Bit Server VM (25.372-b07 mixed mode linux-amd64 compressed oops)
Heap:
 PSYoungGen      total 2590720K, used 236203K [0x00000006eab00000, 0x00000007c0000000, 0x00000007c0000000)
  eden space 2163712K, 0% used [0x00000006eab00000,0x00000006eab00000,0x000000076ec00000)
  from space 427008K, 55% used [0x00000007a5f00000,0x00000007b45aae20,0x00000007c0000000)
  to   space 665600K, 0% used [0x000000076ec00000,0x000000076ec00000,0x0000000797600000)
 ParOldGen       total 1667072K, used 1666589K [0x0000000540000000, 0x00000005a5c00000, 0x00000006eab00000)
  object space 1667072K, 99% used [0x0000000540000000,0x00000005a5b875e8,0x00000005a5c00000)
 Metaspace       used 155771K, capacity 158384K, committed 159360K, reserved 1187840K
  class space    used 19741K, capacity 20310K, committed 20608K, reserved 1048576K
GC Heap History (43 events):
Event: 2.316 GC heap before
{Heap before GC invocations=1 (full 0):
 PSYoungGen      total 450560K, used 386560K [0x00000006eab00000, 0x000000070a180000, 0x00000007c0000000)
  eden space 386560K, 100% used [0x00000006eab00000,0x0000000702480000,0x0000000702480000)
  from space 64000K, 0% used [0x0000000706300000,0x0000000706300000,0x000000070a180000)
  to   space 64000K, 0% used [0x0000000702480000,0x0000000702480000,0x0000000706300000)
 ParOldGen       total 1029632K, used 0K [0x0000000540000000, 0x000000057ed80000, 0x00000006eab00000)
  object space 1029632K, 0% used [0x0000000540000000,0x0000000540000000,0x000000057ed80000)
 Metaspace       used 20683K, capacity 21020K, committed 21248K, reserved 1069056K
  class space    used 2434K, capacity 2528K, committed 2560K, reserved 1048576K
Event: 2.362 GC heap after
Heap after GC invocations=1 (full 0):
 PSYoungGen      total 450560K, used 32546K [0x00000006eab00000, 0x0000000721b00000, 0x00000007c0000000)
  eden space 386560K, 0% used [0x00000006eab00000,0x00000006eab00000,0x0000000702480000)
  from space 64000K, 50% used [0x0000000702480000,0x0000000704448868,0x0000000706300000)
  to   space 64000K, 0% used [0x000000071dc80000,0x000000071dc80000,0x0000000721b00000)
 ParOldGen       total 1029632K, used 96K [0x0000000540000000, 0x000000057ed80000, 0x00000006eab00000)
  object space 1029632K, 0% used [0x0000000540000000,0x0000000540018010,0x000000057ed80000)
 Metaspace       used 20683K, capacity 21020K, committed 21248K, reserved 1069056K
  class space    used 2434K, capacity 2528K, committed 2560K, reserved 1048576K
}
Event: 2.370 GC heap before
{Heap before GC invocations=2 (full 0):
 PSYoungGen      total 450560K, used 43910K [0x00000006eab00000, 0x0000000721b00000, 0x00000007c0000000)
  eden space 386560K, 2% used [0x00000006eab00000,0x00000006eb6191a8,0x0000000702480000)
  from space 64000K, 50% used [0x0000000702480000,0x0000000704448868,0x0000000706300000)
  to   space 64000K, 0% used [0x000000071dc80000,0x000000071dc80000,0x0000000721b00000)
 ParOldGen       total 1029632K, used 96K [0x0000000540000000, 0x000000057ed80000, 0x00000006eab00000)
  object space 1029632K, 0% used [0x0000000540000000,0x0000000540018010,0x000000057ed80000)
 Metaspace       used 20942K, capacity 21244K, committed 21248K, reserved 1069056K
  class space    used 2461K, capacity 2560K, committed 2560K, reserved 1048576K
Event: 2.380 GC heap after
Heap after GC invocations=2 (full 0):
 PSYoungGen      total 837120K, used 26853K [0x00000006eab00000, 0x0000000721b00000, 0x00000007c0000000)
  eden space 773120K, 0% used [0x00000006eab00000,0x00000006eab00000,0x0000000719e00000)
  from space 64000K, 41% used [0x000000071dc80000,0x000000071f6b9690,0x0000000721b00000)
  to   space 64000K, 0% used [0x0000000719e00000,0x0000000719e00000,0x000000071dc80000)
 ParOldGen       total 1029632K, used 104K [0x0000000540000000, 0x000000057ed80000, 0x00000006eab00000)
  object space 1029632K, 0% used [0x0000000540000000,0x000000054001a010,0x000000057ed80000)
 Metaspace       used 20942K, capacity 21244K, committed 21248K, reserved 1069056K
  class space    used 2461K, capacity 2560K, committed 2560K, reserved 1048576K
}
Event: 2.380 GC heap before
{Heap before GC invocations=3 (full 1):
 PSYoungGen      total 837120K, used 26853K [0x00000006eab00000, 0x0000000721b00000, 0x00000007c0000000)
  eden space 773120K, 0% used [0x00000006eab00000,0x00000006eab00000,0x0000000719e00000)
  from space 64000K, 41% used [0x000000071dc80000,0x000000071f6b9690,0x0000000721b00000)
  to   space 64000K, 0% used [0x0000000719e00000,0x0000000719e00000,0x000000071dc80000)
 ParOldGen       total 1029632K, used 104K [0x0000000540000000, 0x000000057ed80000, 0x00000006eab00000)
  object space 1029632K, 0% used [0x0000000540000000,0x000000054001a010,0x000000057ed80000)
 Metaspace       used 20942K, capacity 21244K, committed 21248K, reserved 1069056K
  class space    used 2461K, capacity 2560K, committed 2560K, reserved 1048576K
Event: 2.413 GC heap after
Heap after GC invocations=3 (full 1):
 PSYoungGen      total 837120K, used 0K [0x00000006eab00000, 0x0000000721b00000, 0x00000007c0000000)
  eden space 773120K, 0% used [0x00000006eab00000,0x00000006eab00000,0x0000000719e00000)
  from space 64000K, 0% used [0x000000071dc80000,0x000000071dc80000,0x0000000721b00000)
  to   space 64000K, 0% used [0x0000000719e00000,0x0000000719e00000,0x000000071dc80000)
 ParOldGen       total 431104K, used 25856K [0x0000000540000000, 0x000000055a500000, 0x00000006eab00000)
  object space 431104K, 5% used [0x0000000540000000,0x00000005419400b8,0x000000055a500000)
 Metaspace       used 20942K, capacity 21244K, committed 21248K, reserved 1069056K
  class space    used 2461K, capacity 2560K, committed 2560K, reserved 1048576K
}
Event: 3.779 GC heap before
{Heap before GC invocations=4 (full 1):
 PSYoungGen      total 837120K, used 773120K [0x00000006eab00000, 0x0000000721b00000, 0x00000007c0000000)
  eden space 773120K, 100% used [0x00000006eab00000,0x0000000719e00000,0x0000000719e00000)
  from space 64000K, 0% used [0x000000071dc80000,0x000000071dc80000,0x0000000721b00000)
  to   space 64000K, 0% used [0x0000000719e00000,0x0000000719e00000,0x000000071dc80000)
 ParOldGen       total 431104K, used 25856K [0x0000000540000000, 0x000000055a500000, 0x00000006eab00000)
  object space 431104K, 5% used [0x0000000540000000,0x00000005419400b8,0x000000055a500000)
 Metaspace       used 26167K, capacity 26576K, committed 26752K, reserved 1073152K
  class space    used 3055K, capacity 3156K, committed 3200K, reserved 1048576K
Event: 3.818 GC heap after
Heap after GC invocations=4 (full 1):
 PSYoungGen      total 837120K, used 30325K [0x00000006eab00000, 0x000000074dc00000, 0x00000007c0000000)
  eden space 773120K, 0% used [0x00000006eab00000,0x00000006eab00000,0x0000000719e00000)
  from space 64000K, 47% used [0x0000000719e00000,0x000000071bb9d600,0x000000071dc80000)
  to   space 64000K, 0% used [0x0000000749d80000,0x0000000749d80000,0x000000074dc00000)
 ParOldGen       total 431104K, used 25864K [0x0000000540000000, 0x000000055a500000, 0x00000006eab00000)
  object space 431104K, 5% used [0x0000000540000000,0x00000005419420b8,0x000000055a500000)
 Metaspace       used 26167K, capacity 26576K, committed 26752K, reserved 1073152K
  class space    used 3055K, capacity 3156K, committed 3200K, reserved 1048576K
}
Event: 4.685 GC heap before
{Heap before GC invocations=5 (full 1):
 PSYoungGen      total 837120K, used 803445K [0x00000006eab00000, 0x000000074dc00000, 0x00000007c0000000)
  eden space 773120K, 100% used [0x00000006eab00000,0x0000000719e00000,0x0000000719e00000)
  from space 64000K, 47% used [0x0000000719e00000,0x000000071bb9d600,0x000000071dc80000)
  to   space 64000K, 0% used [0x0000000749d80000,0x0000000749d80000,0x000000074dc00000)
 ParOldGen       total 431104K, used 25864K [0x0000000540000000, 0x000000055a500000, 0x00000006eab00000)
  object space 431104K, 5% used [0x0000000540000000,0x00000005419420b8,0x000000055a500000)
 Metaspace       used 26171K, capacity 26576K, committed 26752K, reserved 1073152K
  class space    used 3055K, capacity 3156K, committed 3200K, reserved 1048576K
Event: 4.725 GC heap after
Heap after GC invocations=5 (full 1):
 PSYoungGen      total 1536512K, used 34475K [0x00000006eab00000, 0x000000074d100000, 0x00000007c0000000)
  eden space 1483776K, 0% used [0x00000006eab00000,0x00000006eab00000,0x0000000745400000)
  from space 52736K, 65% used [0x0000000749d80000,0x000000074bf2aeb8,0x000000074d100000)
  to   space 64000K, 0% used [0x0000000745400000,0x0000000745400000,0x0000000749280000)
 ParOldGen       total 431104K, used 25864K [0x0000000540000000, 0x000000055a500000, 0x00000006eab00000)
  object space 431104K, 5% used [0x0000000540000000,0x00000005419420b8,0x000000055a500000)
 Metaspace       used 26171K, capacity 26576K, committed 26752K, reserved 1073152K
  class space    used 3055K, capacity 3156K, committed 3200K, reserved 1048576K
}
Event: 6.843 GC heap before
{Heap before GC invocations=6 (full 1):
 PSYoungGen      total 1536512K, used 1518251K [0x00000006eab00000, 0x000000074d100000, 0x00000007c0000000)
  eden space 1483776K, 100% used [0x00000006eab00000,0x0000000745400000,0x0000000745400000)
  from space 52736K, 65% used [0x0000000749d80000,0x000000074bf2aeb8,0x000000074d100000)
  to   space 64000K, 0% used [0x0000000745400000,0x0000000745400000,0x0000000749280000)
 ParOldGen       total 431104K, used 25864K [0x0000000540000000, 0x000000055a500000, 0x00000006eab00000)
  object space 431104K, 5% used [0x0000000540000000,0x00000005419420b8,0x000000055a500000)
 Metaspace       used 26229K, capacity 26672K, committed 27008K, reserved 1073152K
  class space    used 3057K, capacity 3188K, committed 3200K, reserved 1048576K
Event: 6.924 GC heap after
Heap after GC invocations=6 (full 1):
 PSYoungGen      total 1547776K, used 62905K [0x00000006eab00000, 0x000000079dd80000, 0x00000007c0000000)
  eden space 1483776K, 0% used [0x00000006eab00000,0x00000006eab00000,0x0000000745400000)
  from space 64000K, 98% used [0x0000000745400000,0x000000074916e6d8,0x0000000749280000)
  to   space 56832K, 0% used [0x000000079a600000,0x000000079a600000,0x000000079dd80000)
 ParOldGen       total 431104K, used 25872K [0x0000000540000000, 0x000000055a500000, 0x00000006eab00000)
  object space 431104K, 6% used [0x0000000540000000,0x00000005419440b8,0x000000055a500000)
 Metaspace       used 26229K, capacity 26672K, committed 27008K, reserved 1073152K
  class space    used 3057K, capacity 3188K, committed 3200K, reserved 1048576K
}
Event: 8.554 GC heap before
{Heap before GC invocations=7 (full 1):
 PSYoungGen      total 1547776K, used 1546681K [0x00000006eab00000, 0x000000079dd80000, 0x00000007c0000000)
  eden space 1483776K, 100% used [0x00000006eab00000,0x0000000745400000,0x0000000745400000)
  from space 64000K, 98% used [0x0000000745400000,0x000000074916e6d8,0x0000000749280000)
  to   space 56832K, 0% used [0x000000079a600000,0x000000079a600000,0x000000079dd80000)
 ParOldGen       total 431104K, used 25872K [0x0000000540000000, 0x000000055a500000, 0x00000006eab00000)
  object space 431104K, 6% used [0x0000000540000000,0x00000005419440b8,0x000000055a500000)
 Metaspace       used 26239K, capacity 26672K, committed 27008K, reserved 1073152K
  class space    used 3057K, capacity 3188K, committed 3200K, reserved 1048576K
Event: 8.616 GC heap after
Heap after GC invocations=7 (full 1):
 PSYoungGen      total 2845184K, used 51098K [0x00000006eab00000, 0x000000079d800000, 0x00000007c0000000)
  eden space 2793984K, 0% used [0x00000006eab00000,0x00000006eab00000,0x0000000795380000)
  from space 51200K, 99% used [0x000000079a600000,0x000000079d7e6960,0x000000079d800000)
  to   space 61440K, 0% used [0x0000000796000000,0x0000000796000000,0x0000000799c00000)
 ParOldGen       total 431104K, used 25880K [0x0000000540000000, 0x000000055a500000, 0x00000006eab00000)
  object space 431104K, 6% used [0x0000000540000000,0x00000005419460b8,0x000000055a500000)
 Metaspace       used 26239K, capacity 26672K, committed 27008K, reserved 1073152K
  class space    used 3057K, capacity 3188K, committed 3200K, reserved 1048576K
}
Event: 11.205 GC heap before
{Heap before GC invocations=8 (full 1):
 PSYoungGen      total 2845184K, used 1857309K [0x00000006eab00000, 0x000000079d800000, 0x00000007c0000000)
  eden space 2793984K, 64% used [0x00000006eab00000,0x0000000758ee0b78,0x0000000795380000)
  from space 51200K, 99% used [0x000000079a600000,0x000000079d7e6960,0x000000079d800000)
  to   space 61440K, 0% used [0x0000000796000000,0x0000000796000000,0x0000000799c00000)
 ParOldGen       total 431104K, used 25880K [0x0000000540000000, 0x000000055a500000, 0x00000006eab00000)
  object space 431104K, 6% used [0x0000000540000000,0x00000005419460b8,0x000000055a500000)
 Metaspace       used 34589K, capacity 35132K, committed 35416K, reserved 1081344K
  class space    used 4062K, capacity 4250K, committed 4352K, reserved 1048576K
Event: 11.274 GC heap after
Heap after GC invocations=8 (full 1):
 PSYoungGen      total 2868224K, used 54027K [0x00000006eab00000, 0x00000007c0000000, 0x00000007c0000000)
  eden space 2806784K, 0% used [0x00000006eab00000,0x00000006eab00000,0x0000000796000000)
  from space 61440K, 87% used [0x0000000796000000,0x00000007994c2e10,0x0000000799c00000)
  to   space 65536K, 0% used [0x00000007bc000000,0x00000007bc000000,0x00000007c0000000)
 ParOldGen       total 431104K, used 25888K [0x0000000540000000, 0x000000055a500000, 0x00000006eab00000)
  object space 431104K, 6% used [0x0000000540000000,0x00000005419480b8,0x000000055a500000)
 Metaspace       used 34589K, capacity 35132K, committed 35416K, reserved 1081344K
  class space    used 4062K, capacity 4250K, committed 4352K, reserved 1048576K
}
Event: 11.274 GC heap before
{Heap before GC invocations=9 (full 2):
 PSYoungGen      total 2868224K, used 54027K [0x00000006eab00000, 0x00000007c0000000, 0x00000007c0000000)
  eden space 2806784K, 0% used [0x00000006eab00000,0x00000006eab00000,0x0000000796000000)
  from space 61440K, 87% used [0x0000000796000000,0x00000007994c2e10,0x0000000799c00000)
  to   space 65536K, 0% used [0x00000007bc000000,0x00000007bc000000,0x00000007c0000000)
 ParOldGen       total 431104K, used 25888K [0x0000000540000000, 0x000000055a500000, 0x00000006eab00000)
  object space 431104K, 6% used [0x0000000540000000,0x00000005419480b8,0x000000055a500000)
 Metaspace       used 34589K, capacity 35132K, committed 35416K, reserved 1081344K
  class space    used 4062K, capacity 4250K, committed 4352K, reserved 1048576K
Event: 11.338 GC heap after
Heap after GC invocations=9 (full 2):
 PSYoungGen      total 2868224K, used 0K [0x00000006eab00000, 0x00000007c0000000, 0x00000007c0000000)
  eden space 2806784K, 0% used [0x00000006eab00000,0x00000006eab00000,0x0000000796000000)
  from space 61440K, 0% used [0x0000000796000000,0x0000000796000000,0x0000000799c00000)
  to   space 65536K, 0% used [0x00000007bc000000,0x00000007bc000000,0x00000007c0000000)
 ParOldGen       total 510976K, used 60690K [0x0000000540000000, 0x000000055f300000, 0x00000006eab00000)
  object space 510976K, 11% used [0x0000000540000000,0x0000000543b44b50,0x000000055f300000)
 Metaspace       used 34589K, capacity 35132K, committed 35416K, reserved 1081344K
  class space    used 4062K, capacity 4250K, committed 4352K, reserved 1048576K
}
Event: 17.723 GC heap before
{Heap before GC invocations=10 (full 2):
 PSYoungGen      total 2868224K, used 1317557K [0x00000006eab00000, 0x00000007c0000000, 0x00000007c0000000)
  eden space 2806784K, 46% used [0x00000006eab00000,0x000000073b1ad790,0x0000000796000000)
  from space 61440K, 0% used [0x0000000796000000,0x0000000796000000,0x0000000799c00000)
  to   space 65536K, 0% used [0x00000007bc000000,0x00000007bc000000,0x00000007c0000000)
 ParOldGen       total 510976K, used 60690K [0x0000000540000000, 0x000000055f300000, 0x00000006eab00000)
  object space 510976K, 11% used [0x0000000540000000,0x0000000543b44b50,0x000000055f300000)
 Metaspace       used 57977K, capacity 58704K, committed 59008K, reserved 1099776K
  class space    used 7994K, capacity 8216K, committed 8320K, reserved 1048576K
Event: 17.851 GC heap after
Heap after GC invocations=10 (full 2):
 PSYoungGen      total 3400704K, used 65509K [0x00000006eab00000, 0x00000007c0000000, 0x00000007c0000000)
  eden space 3335168K, 0% used [0x00000006eab00000,0x00000006eab00000,0x00000007b6400000)
  from space 65536K, 99% used [0x00000007bc000000,0x00000007bfff9690,0x00000007c0000000)
  to   space 79872K, 0% used [0x00000007b6400000,0x00000007b6400000,0x00000007bb200000)
 ParOldGen       total 510976K, used 75933K [0x0000000540000000, 0x000000055f300000, 0x00000006eab00000)
  object space 510976K, 14% used [0x0000000540000000,0x0000000544a276f8,0x000000055f300000)
 Metaspace       used 57977K, capacity 58704K, committed 59008K, reserved 1099776K
  class space    used 7994K, capacity 8216K, committed 8320K, reserved 1048576K
}
Event: 17.851 GC heap before
{Heap before GC invocations=11 (full 3):
 PSYoungGen      total 3400704K, used 65509K [0x00000006eab00000, 0x00000007c0000000, 0x00000007c0000000)
  eden space 3335168K, 0% used [0x00000006eab00000,0x00000006eab00000,0x00000007b6400000)
  from space 65536K, 99% used [0x00000007bc000000,0x00000007bfff9690,0x00000007c0000000)
  to   space 79872K, 0% used [0x00000007b6400000,0x00000007b6400000,0x00000007bb200000)
 ParOldGen       total 510976K, used 75933K [0x0000000540000000, 0x000000055f300000, 0x00000006eab00000)
  object space 510976K, 14% used [0x0000000540000000,0x0000000544a276f8,0x000000055f300000)
 Metaspace       used 57977K, capacity 58704K, committed 59008K, reserved 1099776K
  class space    used 7994K, capacity 8216K, committed 8320K, reserved 1048576K
Event: 18.110 GC heap after
Heap after GC invocations=11 (full 3):
 PSYoungGen      total 3400704K, used 0K [0x00000006eab00000, 0x00000007c0000000, 0x00000007c0000000)
  eden space 3335168K, 0% used [0x00000006eab00000,0x00000006eab00000,0x00000007b6400000)
  from space 65536K, 0% used [0x00000007bc000000,0x00000007bc000000,0x00000007c0000000)
  to   space 79872K, 0% used [0x00000007b6400000,0x00000007b6400000,0x00000007bb200000)
 ParOldGen       total 618496K, used 100589K [0x0000000540000000, 0x0000000565c00000, 0x00000006eab00000)
  object space 618496K, 16% used [0x0000000540000000,0x000000054623b688,0x0000000565c00000)
 Metaspace       used 57977K, capacity 58704K, committed 59008K, reserved 1099776K
  class space    used 7994K, capacity 8216K, committed 8320K, reserved 1048576K
}
Event: 23.696 GC heap before
{Heap before GC invocations=12 (full 3):
 PSYoungGen      total 3400704K, used 2275029K [0x00000006eab00000, 0x00000007c0000000, 0x00000007c0000000)
  eden space 3335168K, 68% used [0x00000006eab00000,0x00000007758b57c8,0x00000007b6400000)
  from space 65536K, 0% used [0x00000007bc000000,0x00000007bc000000,0x00000007c0000000)
  to   space 79872K, 0% used [0x00000007b6400000,0x00000007b6400000,0x00000007bb200000)
 ParOldGen       total 618496K, used 100589K [0x0000000540000000, 0x0000000565c00000, 0x00000006eab00000)
  object space 618496K, 16% used [0x0000000540000000,0x000000054623b688,0x0000000565c00000)
 Metaspace       used 96558K, capacity 97686K, committed 98348K, reserved 1134592K
  class space    used 12472K, capacity 12803K, committed 12928K, reserved 1048576K
Event: 23.778 GC heap after
Heap after GC invocations=12 (full 3):
 PSYoungGen      total 3415040K, used 79853K [0x00000006eab00000, 0x00000007c0000000, 0x00000007c0000000)
  eden space 3335168K, 0% used [0x00000006eab00000,0x00000006eab00000,0x00000007b6400000)
  from space 79872K, 99% used [0x00000007b6400000,0x00000007bb1fb430,0x00000007bb200000)
  to   space 79872K, 0% used [0x00000007bb200000,0x00000007bb200000,0x00000007c0000000)
 ParOldGen       total 618496K, used 108122K [0x0000000540000000, 0x0000000565c00000, 0x00000006eab00000)
  object space 618496K, 17% used [0x0000000540000000,0x00000005469969f8,0x0000000565c00000)
 Metaspace       used 96558K, capacity 97686K, committed 98348K, reserved 1134592K
  class space    used 12472K, capacity 12803K, committed 12928K, reserved 1048576K
}
Event: 23.778 GC heap before
{Heap before GC invocations=13 (full 4):
 PSYoungGen      total 3415040K, used 79853K [0x00000006eab00000, 0x00000007c0000000, 0x00000007c0000000)
  eden space 3335168K, 0% used [0x00000006eab00000,0x00000006eab00000,0x00000007b6400000)
  from space 79872K, 99% used [0x00000007b6400000,0x00000007bb1fb430,0x00000007bb200000)
  to   space 79872K, 0% used [0x00000007bb200000,0x00000007bb200000,0x00000007c0000000)
 ParOldGen       total 618496K, used 108122K [0x0000000540000000, 0x0000000565c00000, 0x00000006eab00000)
  object space 618496K, 17% used [0x0000000540000000,0x00000005469969f8,0x0000000565c00000)
 Metaspace       used 96558K, capacity 97686K, committed 98348K, reserved 1134592K
  class space    used 12472K, capacity 12803K, committed 12928K, reserved 1048576K
Event: 23.956 GC heap after
Heap after GC invocations=13 (full 4):
 PSYoungGen      total 3415040K, used 0K [0x00000006eab00000, 0x00000007c0000000, 0x00000007c0000000)
  eden space 3335168K, 0% used [0x00000006eab00000,0x00000006eab00000,0x00000007b6400000)
  from space 79872K, 0% used [0x00000007b6400000,0x00000007b6400000,0x00000007bb200000)
  to   space 79872K, 0% used [0x00000007bb200000,0x00000007bb200000,0x00000007c0000000)
 ParOldGen       total 729088K, used 119876K [0x0000000540000000, 0x000000056c800000, 0x00000006eab00000)
  object space 729088K, 16% used [0x0000000540000000,0x0000000547511328,0x000000056c800000)
 Metaspace       used 96558K, capacity 97686K, committed 98348K, reserved 1134592K
  class space    used 12472K, capacity 12803K, committed 12928K, reserved 1048576K
}
Event: 30.601 GC heap before
{Heap before GC invocations=14 (full 4):
 PSYoungGen      total 3415040K, used 3335168K [0x00000006eab00000, 0x00000007c0000000, 0x00000007c0000000)
  eden space 3335168K, 100% used [0x00000006eab00000,0x00000007b6400000,0x00000007b6400000)
  from space 79872K, 0% used [0x00000007b6400000,0x00000007b6400000,0x00000007bb200000)
  to   space 79872K, 0% used [0x00000007bb200000,0x00000007bb200000,0x00000007c0000000)
 ParOldGen       total 729088K, used 119876K [0x0000000540000000, 0x000000056c800000, 0x00000006eab00000)
  object space 729088K, 16% used [0x0000000540000000,0x0000000547511328,0x000000056c800000)
 Metaspace       used 129316K, capacity 130478K, committed 131328K, reserved 1163264K
  class space    used 16488K, capacity 16823K, committed 16896K, reserved 1048576K
Event: 30.758 GC heap after
Heap after GC invocations=14 (full 4):
 PSYoungGen      total 3283968K, used 79850K [0x00000006eab00000, 0x00000007c0000000, 0x00000007c0000000)
  eden space 3204096K, 0% used [0x00000006eab00000,0x00000006eab00000,0x00000007ae400000)
  from space 79872K, 99% used [0x00000007bb200000,0x00000007bfffa800,0x00000007c0000000)
  to   space 145408K, 0% used [0x00000007ae400000,0x00000007ae400000,0x00000007b7200000)
 ParOldGen       total 729088K, used 244487K [0x0000000540000000, 0x000000056c800000, 0x00000006eab00000)
  object space 729088K, 33% used [0x0000000540000000,0x000000054eec1fe8,0x000000056c800000)
 Metaspace       used 129316K, capacity 130478K, committed 131328K, reserved 1163264K
  class space    used 16488K, capacity 16823K, committed 16896K, reserved 1048576K
}
Event: 50.345 GC heap before
{Heap before GC invocations=15 (full 4):
 PSYoungGen      total 3283968K, used 3283946K [0x00000006eab00000, 0x00000007c0000000, 0x00000007c0000000)
  eden space 3204096K, 100% used [0x00000006eab00000,0x00000007ae400000,0x00000007ae400000)
  from space 79872K, 99% used [0x00000007bb200000,0x00000007bfffa800,0x00000007c0000000)
  to   space 145408K, 0% used [0x00000007ae400000,0x00000007ae400000,0x00000007b7200000)
 ParOldGen       total 729088K, used 244487K [0x0000000540000000, 0x000000056c800000, 0x00000006eab00000)
  object space 729088K, 33% used [0x0000000540000000,0x000000054eec1fe8,0x000000056c800000)
 Metaspace       used 142912K, capacity 144322K, committed 145024K, reserved 1175552K
  class space    used 18068K, capacity 18441K, committed 18560K, reserved 1048576K
Event: 50.583 GC heap after
Heap after GC invocations=15 (full 4):
 PSYoungGen      total 3349504K, used 145381K [0x00000006eab00000, 0x00000007c0000000, 0x00000007c0000000)
  eden space 3204096K, 0% used [0x00000006eab00000,0x00000006eab00000,0x00000007ae400000)
  from space 145408K, 99% used [0x00000007ae400000,0x00000007b71f95f8,0x00000007b7200000)
  to   space 145408K, 0% used [0x00000007b7200000,0x00000007b7200000,0x00000007c0000000)
 ParOldGen       total 729088K, used 444996K [0x0000000540000000, 0x000000056c800000, 0x00000006eab00000)
  object space 729088K, 61% used [0x0000000540000000,0x000000055b2913f0,0x000000056c800000)
 Metaspace       used 142912K, capacity 144322K, committed 145024K, reserved 1175552K
  class space    used 18068K, capacity 18441K, committed 18560K, reserved 1048576K
}
Event: 73.892 GC heap before
{Heap before GC invocations=16 (full 4):
 PSYoungGen      total 3349504K, used 3349477K [0x00000006eab00000, 0x00000007c0000000, 0x00000007c0000000)
  eden space 3204096K, 100% used [0x00000006eab00000,0x00000007ae400000,0x00000007ae400000)
  from space 145408K, 99% used [0x00000007ae400000,0x00000007b71f95f8,0x00000007b7200000)
  to   space 145408K, 0% used [0x00000007b7200000,0x00000007b7200000,0x00000007c0000000)
 ParOldGen       total 729088K, used 444996K [0x0000000540000000, 0x000000056c800000, 0x00000006eab00000)
  object space 729088K, 61% used [0x0000000540000000,0x000000055b2913f0,0x000000056c800000)
 Metaspace       used 143908K, capacity 145502K, committed 145792K, reserved 1177600K
  class space    used 18145K, capacity 18557K, committed 18560K, reserved 1048576K
Event: 74.093 GC heap after
Heap after GC invocations=16 (full 4):
 PSYoungGen      total 3168256K, used 120064K [0x00000006eab00000, 0x00000007c0000000, 0x00000007c0000000)
  eden space 3022848K, 0% used [0x00000006eab00000,0x00000006eab00000,0x00000007a3300000)
  from space 145408K, 82% used [0x00000007b7200000,0x00000007be7400c8,0x00000007c0000000)
  to   space 236032K, 0% used [0x00000007a3300000,0x00000007a3300000,0x00000007b1980000)
 ParOldGen       total 729088K, used 581065K [0x0000000540000000, 0x000000056c800000, 0x00000006eab00000)
  object space 729088K, 79% used [0x0000000540000000,0x0000000563772770,0x000000056c800000)
 Metaspace       used 143908K, capacity 145502K, committed 145792K, reserved 1177600K
  class space    used 18145K, capacity 18557K, committed 18560K, reserved 1048576K
}
Event: 1266.998 GC heap before
{Heap before GC invocations=17 (full 4):
 PSYoungGen      total 3168256K, used 3142912K [0x00000006eab00000, 0x00000007c0000000, 0x00000007c0000000)
  eden space 3022848K, 100% used [0x00000006eab00000,0x00000007a3300000,0x00000007a3300000)
  from space 145408K, 82% used [0x00000007b7200000,0x00000007be7400c8,0x00000007c0000000)
  to   space 236032K, 0% used [0x00000007a3300000,0x00000007a3300000,0x00000007b1980000)
 ParOldGen       total 729088K, used 581065K [0x0000000540000000, 0x000000056c800000, 0x00000006eab00000)
  object space 729088K, 79% used [0x0000000540000000,0x0000000563772770,0x000000056c800000)
 Metaspace       used 156286K, capacity 159216K, committed 159360K, reserved 1187840K
  class space    used 19844K, capacity 20486K, committed 20608K, reserved 1048576K
Event: 1267.164 GC heap after
Heap after GC invocations=17 (full 4):
 PSYoungGen      total 3258880K, used 236016K [0x00000006eab00000, 0x00000007c0000000, 0x00000007c0000000)
  eden space 3022848K, 0% used [0x00000006eab00000,0x00000006eab00000,0x00000007a3300000)
  from space 236032K, 99% used [0x00000007a3300000,0x00000007b197c170,0x00000007b1980000)
  to   space 236032K, 0% used [0x00000007b1980000,0x00000007b1980000,0x00000007c0000000)
 ParOldGen       total 729088K, used 711630K [0x0000000540000000, 0x000000056c800000, 0x00000006eab00000)
  object space 729088K, 97% used [0x0000000540000000,0x000000056b6f3868,0x000000056c800000)
 Metaspace       used 156286K, capacity 159216K, committed 159360K, reserved 1187840K
  class space    used 19844K, capacity 20486K, committed 20608K, reserved 1048576K
}
Event: 1267.164 GC heap before
{Heap before GC invocations=18 (full 5):
 PSYoungGen      total 3258880K, used 236016K [0x00000006eab00000, 0x00000007c0000000, 0x00000007c0000000)
  eden space 3022848K, 0% used [0x00000006eab00000,0x00000006eab00000,0x00000007a3300000)
  from space 236032K, 99% used [0x00000007a3300000,0x00000007b197c170,0x00000007b1980000)
  to   space 236032K, 0% used [0x00000007b1980000,0x00000007b1980000,0x00000007c0000000)
 ParOldGen       total 729088K, used 711630K [0x0000000540000000, 0x000000056c800000, 0x00000006eab00000)
  object space 729088K, 97% used [0x0000000540000000,0x000000056b6f3868,0x000000056c800000)
 Metaspace       used 156286K, capacity 159216K, committed 159360K, reserved 1187840K
  class space    used 19844K, capacity 20486K, committed 20608K, reserved 1048576K
Event: 1267.945 GC heap after
Heap after GC invocations=18 (full 5):
 PSYoungGen      total 3258880K, used 0K [0x00000006eab00000, 0x00000007c0000000, 0x00000007c0000000)
  eden space 3022848K, 0% used [0x00000006eab00000,0x00000006eab00000,0x00000007a3300000)
  from space 236032K, 0% used [0x00000007a3300000,0x00000007a3300000,0x00000007b1980000)
  to   space 236032K, 0% used [0x00000007b1980000,0x00000007b1980000,0x00000007c0000000)
 ParOldGen       total 1567744K, used 695415K [0x0000000540000000, 0x000000059fb00000, 0x00000006eab00000)
  object space 1567744K, 44% used [0x0000000540000000,0x000000056a71deb8,0x000000059fb00000)
 Metaspace       used 155649K, capacity 158250K, committed 159360K, reserved 1187840K
  class space    used 19739K, capacity 20309K, committed 20608K, reserved 1048576K
}
Event: 1270.192 GC heap before
{Heap before GC invocations=19 (full 5):
 PSYoungGen      total 3258880K, used 3022848K [0x00000006eab00000, 0x00000007c0000000, 0x00000007c0000000)
  eden space 3022848K, 100% used [0x00000006eab00000,0x00000007a3300000,0x00000007a3300000)
  from space 236032K, 0% used [0x00000007a3300000,0x00000007a3300000,0x00000007b1980000)
  to   space 236032K, 0% used [0x00000007b1980000,0x00000007b1980000,0x00000007c0000000)
 ParOldGen       total 1567744K, used 695415K [0x0000000540000000, 0x000000059fb00000, 0x00000006eab00000)
  object space 1567744K, 44% used [0x0000000540000000,0x000000056a71deb8,0x000000059fb00000)
 Metaspace       used 155752K, capacity 158378K, committed 159360K, reserved 1187840K
  class space    used 19739K, capacity 20309K, committed 20608K, reserved 1048576K
Event: 1270.514 GC heap after
Heap after GC invocations=19 (full 5):
 PSYoungGen      total 2827776K, used 236024K [0x00000006eab00000, 0x00000007c0000000, 0x00000007c0000000)
  eden space 2591744K, 0% used [0x00000006eab00000,0x00000006eab00000,0x0000000788e00000)
  from space 236032K, 99% used [0x00000007b1980000,0x00000007bfffe118,0x00000007c0000000)
  to   space 451584K, 0% used [0x0000000788e00000,0x0000000788e00000,0x00000007a4700000)
 ParOldGen       total 1567744K, used 986858K [0x0000000540000000, 0x000000059fb00000, 0x00000006eab00000)
  object space 1567744K, 62% used [0x0000000540000000,0x000000057c3ba9b8,0x000000059fb00000)
 Metaspace       used 155752K, capacity 158378K, committed 159360K, reserved 1187840K
  class space    used 19739K, capacity 20309K, committed 20608K, reserved 1048576K
}
Event: 1272.137 GC heap before
{Heap before GC invocations=20 (full 5):
 PSYoungGen      total 2827776K, used 2827768K [0x00000006eab00000, 0x00000007c0000000, 0x00000007c0000000)
  eden space 2591744K, 100% used [0x00000006eab00000,0x0000000788e00000,0x0000000788e00000)
  from space 236032K, 99% used [0x00000007b1980000,0x00000007bfffe118,0x00000007c0000000)
  to   space 451584K, 0% used [0x0000000788e00000,0x0000000788e00000,0x00000007a4700000)
 ParOldGen       total 1567744K, used 986858K [0x0000000540000000, 0x000000059fb00000, 0x00000006eab00000)
  object space 1567744K, 62% used [0x0000000540000000,0x000000057c3ba9b8,0x000000059fb00000)
 Metaspace       used 155768K, capacity 158378K, committed 159360K, reserved 1187840K
  class space    used 19740K, capacity 20309K, committed 20608K, reserved 1048576K
Event: 1272.664 GC heap after
Heap after GC invocations=20 (full 5):
 PSYoungGen      total 3043328K, used 140079K [0x00000006eab00000, 0x00000007c0000000, 0x00000007c0000000)
  eden space 2591744K, 0% used [0x00000006eab00000,0x00000006eab00000,0x0000000788e00000)
  from space 451584K, 31% used [0x0000000788e00000,0x00000007916cbe88,0x00000007a4700000)
  to   space 427008K, 0% used [0x00000007a5f00000,0x00000007a5f00000,0x00000007c0000000)
 ParOldGen       total 1567744K, used 1213747K [0x0000000540000000, 0x000000059fb00000, 0x00000006eab00000)
  object space 1567744K, 77% used [0x0000000540000000,0x000000058a14cca0,0x000000059fb00000)
 Metaspace       used 155768K, capacity 158378K, committed 159360K, reserved 1187840K
  class space    used 19740K, capacity 20309K, committed 20608K, reserved 1048576K
}
Event: 1275.323 GC heap before
{Heap before GC invocations=21 (full 5):
 PSYoungGen      total 3043328K, used 2731823K [0x00000006eab00000, 0x00000007c0000000, 0x00000007c0000000)
  eden space 2591744K, 100% used [0x00000006eab00000,0x0000000788e00000,0x0000000788e00000)
  from space 451584K, 31% used [0x0000000788e00000,0x00000007916cbe88,0x00000007a4700000)
  to   space 427008K, 0% used [0x00000007a5f00000,0x00000007a5f00000,0x00000007c0000000)
 ParOldGen       total 1567744K, used 1213747K [0x0000000540000000, 0x000000059fb00000, 0x00000006eab00000)
  object space 1567744K, 77% used [0x0000000540000000,0x000000058a14cca0,0x000000059fb00000)
 Metaspace       used 155771K, capacity 158384K, committed 159360K, reserved 1187840K
  class space    used 19741K, capacity 20310K, committed 20608K, reserved 1048576K
Event: 1276.051 GC heap after
Heap after GC invocations=21 (full 5):
 PSYoungGen      total 2590720K, used 426993K [0x00000006eab00000, 0x00000007c0000000, 0x00000007c0000000)
  eden space 2163712K, 0% used [0x00000006eab00000,0x00000006eab00000,0x000000076ec00000)
  from space 427008K, 99% used [0x00000007a5f00000,0x00000007bfffc730,0x00000007c0000000)
  to   space 665600K, 0% used [0x000000076ec00000,0x000000076ec00000,0x0000000797600000)
 ParOldGen       total 1667072K, used 1665667K [0x0000000540000000, 0x00000005a5c00000, 0x00000006eab00000)
  object space 1667072K, 99% used [0x0000000540000000,0x00000005a5aa0d90,0x00000005a5c00000)
 Metaspace       used 155771K, capacity 158384K, committed 159360K, reserved 1187840K
  class space    used 19741K, capacity 20310K, committed 20608K, reserved 1048576K
}
Event: 1276.051 GC heap before
{Heap before GC invocations=22 (full 6):
 PSYoungGen      total 2590720K, used 426993K [0x00000006eab00000, 0x00000007c0000000, 0x00000007c0000000)
  eden space 2163712K, 0% used [0x00000006eab00000,0x00000006eab00000,0x000000076ec00000)
  from space 427008K, 99% used [0x00000007a5f00000,0x00000007bfffc730,0x00000007c0000000)
  to   space 665600K, 0% used [0x000000076ec00000,0x000000076ec00000,0x0000000797600000)
 ParOldGen       total 1667072K, used 1665667K [0x0000000540000000, 0x00000005a5c00000, 0x00000006eab00000)
  object space 1667072K, 99% used [0x0000000540000000,0x00000005a5aa0d90,0x00000005a5c00000)
 Metaspace       used 155771K, capacity 158384K, committed 159360K, reserved 1187840K
  class space    used 19741K, capacity 20310K, committed 20608K, reserved 1048576K

